c:\users\whitney\documents\visual studio 2017\projects\direct3d\direct3d\debug\exception.obj
c:\users\whitney\documents\visual studio 2017\projects\direct3d\direct3d\debug\graphics.obj
c:\users\whitney\documents\visual studio 2017\projects\direct3d\direct3d\debug\vertexshader.obj
c:\users\whitney\documents\visual studio 2017\projects\direct3d\direct3d\debug\winmain.obj
c:\users\whitney\documents\visual studio 2017\projects\direct3d\direct3d\debug\bindable.obj
c:\users\whitney\documents\visual studio 2017\projects\direct3d\direct3d\debug\inputlayout.obj
c:\users\whitney\documents\visual studio 2017\projects\direct3d\direct3d\debug\pixelshader.obj
c:\users\whitney\documents\visual studio 2017\projects\direct3d\direct3d\debug\vertexbuffer.obj
c:\users\whitney\documents\visual studio 2017\projects\direct3d\direct3d\debug\windowswindow.obj
c:\users\whitney\documents\visual studio 2017\projects\direct3d\direct3d\debug\drawable.obj
c:\users\whitney\documents\visual studio 2017\projects\direct3d\direct3d\debug\mouse.obj
c:\users\whitney\documents\visual studio 2017\projects\direct3d\direct3d\debug\triangle.obj
c:\users\whitney\documents\visual studio 2017\projects\direct3d\direct3d\debug\app.obj
c:\users\whitney\documents\visual studio 2017\projects\direct3d\direct3d\debug\keyboard.obj
c:\users\whitney\documents\visual studio 2017\projects\direct3d\direct3d\debug\window.obj
c:\users\whitney\documents\visual studio 2017\projects\direct3d\direct3d\debug\vc141.pdb
c:\users\whitney\documents\visual studio 2017\projects\direct3d\direct3d\debug\topology.obj
c:\users\whitney\documents\visual studio 2017\projects\direct3d\direct3d\debug\viewport.obj
c:\users\whitney\documents\visual studio 2017\projects\direct3d\direct3d\debug\vc141.idb
c:\users\whitney\documents\visual studio 2017\projects\direct3d\direct3d\debug\square.obj
c:\users\whitney\documents\visual studio 2017\projects\direct3d\direct3d\pixelshader.cso
c:\users\whitney\documents\visual studio 2017\projects\direct3d\direct3d\sandboxpixelshader.cso
c:\users\whitney\documents\visual studio 2017\projects\direct3d\direct3d\vertexshader.cso
c:\users\whitney\documents\visual studio 2017\projects\direct3d\direct3d\sandboxvertexshader.cso
c:\users\whitney\documents\visual studio 2017\projects\direct3d\debug\boxpixelshader.cso
c:\users\whitney\documents\visual studio 2017\projects\direct3d\debug\boxvertexshader.cso
c:\users\whitney\documents\visual studio 2017\projects\direct3d\debug\direct3d.exe
c:\users\whitney\documents\visual studio 2017\projects\direct3d\debug\direct3d.ilk
c:\users\whitney\documents\visual studio 2017\projects\direct3d\debug\direct3d.pdb
c:\users\whitney\documents\visual studio 2017\projects\direct3d\direct3d\debug\direct3d.res
c:\users\whitney\documents\visual studio 2017\projects\direct3d\direct3d\debug\direct3d.tlog\cl.command.1.tlog
c:\users\whitney\documents\visual studio 2017\projects\direct3d\direct3d\debug\direct3d.tlog\cl.read.1.tlog
c:\users\whitney\documents\visual studio 2017\projects\direct3d\direct3d\debug\direct3d.tlog\cl.write.1.tlog
c:\users\whitney\documents\visual studio 2017\projects\direct3d\direct3d\debug\direct3d.tlog\fxc.command.1.tlog
c:\users\whitney\documents\visual studio 2017\projects\direct3d\direct3d\debug\direct3d.tlog\fxc.read.1.tlog
c:\users\whitney\documents\visual studio 2017\projects\direct3d\direct3d\debug\direct3d.tlog\fxc.write.1.tlog
c:\users\whitney\documents\visual studio 2017\projects\direct3d\direct3d\debug\direct3d.tlog\link.command.1.tlog
c:\users\whitney\documents\visual studio 2017\projects\direct3d\direct3d\debug\direct3d.tlog\link.read.1.tlog
c:\users\whitney\documents\visual studio 2017\projects\direct3d\direct3d\debug\direct3d.tlog\link.write.1.tlog
c:\users\whitney\documents\visual studio 2017\projects\direct3d\direct3d\debug\direct3d.tlog\rc.command.1.tlog
c:\users\whitney\documents\visual studio 2017\projects\direct3d\direct3d\debug\direct3d.tlog\rc.read.1.tlog
c:\users\whitney\documents\visual studio 2017\projects\direct3d\direct3d\debug\direct3d.tlog\rc.write.1.tlog
